<?xml version="1.0" encoding="UTF-8"?>
<!-- Generated by org.testng.reporters.JUnitReportReporter -->
<testsuite hostname="AnkurKaushik" name="TestScenarios.DemoVtigettest" tests="2" failures="0" timestamp="9 Nov 2017 05:08:08 GMT" time="0.009" errors="2">
  <testcase name="openDraupApplication" time="0.007" classname="TestScenarios.DemoVtigettest">
    <error type="org.testng.TestNGException" message="
Parameter &#039;browserName&#039; is required by @Configuration on method startbrowser but has not been marked @Optional or defined
in C:\Users\Admin\OneDrive - Zinnov Management Consulting Private Limited\Ta3s_Automation_Fw\Demovtiger.xml">
      <![CDATA[org.testng.TestNGException: 
Parameter 'browserName' is required by @Configuration on method startbrowser but has not been marked @Optional or defined
in C:\Users\Admin\OneDrive - Zinnov Management Consulting Private Limited\Ta3s_Automation_Fw\Demovtiger.xml
	at org.testng.internal.Parameters.createParameters(Parameters.java:165)
	at org.testng.internal.Parameters.createParameters(Parameters.java:372)
	at org.testng.internal.Parameters.createConfigurationParameters(Parameters.java:90)
	at org.testng.internal.Invoker.invokeConfigurations(Invoker.java:199)
	at org.testng.internal.Invoker.invokeConfigurations(Invoker.java:140)
	at org.testng.SuiteRunner.privateRun(SuiteRunner.java:296)
	at org.testng.SuiteRunner.run(SuiteRunner.java:259)
	at org.testng.SuiteRunnerWorker.runSuite(SuiteRunnerWorker.java:52)
	at org.testng.SuiteRunnerWorker.run(SuiteRunnerWorker.java:86)
	at org.testng.TestNG.runSuitesSequentially(TestNG.java:1199)
	at org.testng.TestNG.runSuitesLocally(TestNG.java:1124)
	at org.testng.TestNG.run(TestNG.java:1032)
	at org.testng.remote.AbstractRemoteTestNG.run(AbstractRemoteTestNG.java:114)
	at org.testng.remote.RemoteTestNG.initAndRun(RemoteTestNG.java:251)
	at org.testng.remote.RemoteTestNG.main(RemoteTestNG.java:77)
]]>
    </error>
  </testcase> <!-- openDraupApplication -->
  <testcase name="signIn" time="0.002" classname="TestScenarios.DemoVtigettest">
    <error type="org.testng.TestNGException" message="
Parameter &#039;browserName&#039; is required by @Configuration on method startbrowser but has not been marked @Optional or defined
in C:\Users\Admin\OneDrive - Zinnov Management Consulting Private Limited\Ta3s_Automation_Fw\Demovtiger.xml">
      <![CDATA[org.testng.TestNGException: 
Parameter 'browserName' is required by @Configuration on method startbrowser but has not been marked @Optional or defined
in C:\Users\Admin\OneDrive - Zinnov Management Consulting Private Limited\Ta3s_Automation_Fw\Demovtiger.xml
	at org.testng.internal.Parameters.createParameters(Parameters.java:165)
	at org.testng.internal.Parameters.createParameters(Parameters.java:372)
	at org.testng.internal.Parameters.createConfigurationParameters(Parameters.java:90)
	at org.testng.internal.Invoker.invokeConfigurations(Invoker.java:199)
	at org.testng.internal.Invoker.invokeConfigurations(Invoker.java:140)
	at org.testng.SuiteRunner.privateRun(SuiteRunner.java:296)
	at org.testng.SuiteRunner.run(SuiteRunner.java:259)
	at org.testng.SuiteRunnerWorker.runSuite(SuiteRunnerWorker.java:52)
	at org.testng.SuiteRunnerWorker.run(SuiteRunnerWorker.java:86)
	at org.testng.TestNG.runSuitesSequentially(TestNG.java:1199)
	at org.testng.TestNG.runSuitesLocally(TestNG.java:1124)
	at org.testng.TestNG.run(TestNG.java:1032)
	at org.testng.remote.AbstractRemoteTestNG.run(AbstractRemoteTestNG.java:114)
	at org.testng.remote.RemoteTestNG.initAndRun(RemoteTestNG.java:251)
	at org.testng.remote.RemoteTestNG.main(RemoteTestNG.java:77)
]]>
    </error>
  </testcase> <!-- signIn -->
</testsuite> <!-- TestScenarios.DemoVtigettest -->
